#-----------------------------------------------------------
# Vivado v2024.2 (64-bit)
# SW Build 5239630 on Fri Nov 08 22:35:27 MST 2024
# IP Build 5239520 on Sun Nov 10 16:12:51 MST 2024
# SharedData Build 5239561 on Fri Nov 08 14:39:27 MST 2024
# Start of session at: Sat Mar  8 21:52:38 2025
# Process ID         : 16916
# Current directory  : C:/Users/zach/Documents/0_School/ECE316/lab-4/project_3
# Command line       : vivado.exe -gui_launcher_event rodinguilauncherevent10492 C:\Users\zach\Documents\0_School\ECE316\lab-4\project_3\project_3.xpr
# Log file           : C:/Users/zach/Documents/0_School/ECE316/lab-4/project_3/vivado.log
# Journal file       : C:/Users/zach/Documents/0_School/ECE316/lab-4/project_3\vivado.jou
# Running On         : DESKTOP-BGLR1M6
# Platform           : Windows Server 2016 or Windows 10
# Operating System   : 19045
# Processor Detail   : AMD Ryzen 7 5700U with Radeon Graphics         
# CPU Frequency      : 1797 MHz
# CPU Physical cores : 8
# CPU Logical cores  : 16
# Host memory        : 16476 MB
# Swap memory        : 3892 MB
# Total Virtual      : 20368 MB
# Available Virtual  : 9274 MB
#-----------------------------------------------------------
start_gui
open_project C:/Users/zach/Documents/0_School/ECE316/lab-4/project_3/project_3.xpr
INFO: [filemgmt 56-3] Default IP Output Path : Could not find the directory 'C:/Users/zach/Documents/0_School/ECE316/lab-4/project_3/project_3.gen/sources_1'.
Scanning sources...
Finished scanning sources
INFO: [IP_Flow 19-234] Refreshing IP repositories
INFO: [IP_Flow 19-1704] No user IP repositories specified
INFO: [IP_Flow 19-2313] Loaded Vivado IP repository 'C:/Users/zach/Documents/Vivado/2024.2/data/ip'.
update_compile_order -fileset sources_1
reset_run synth_1
INFO: [Project 1-1161] Replacing file C:/Users/zach/Documents/0_School/ECE316/lab-4/project_3/project_3.srcs/utils_1/imports/synth_1/time_multiplexing_main.dcp with file C:/Users/zach/Documents/0_School/ECE316/lab-4/project_3/project_3.runs/synth_1/time_multiplexing_main.dcp
launch_runs impl_1 -to_step write_bitstream -jobs 4
[Sat Mar  8 22:04:24 2025] Launched synth_1...
Run output will be captured here: C:/Users/zach/Documents/0_School/ECE316/lab-4/project_3/project_3.runs/synth_1/runme.log
[Sat Mar  8 22:04:24 2025] Launched impl_1...
Run output will be captured here: C:/Users/zach/Documents/0_School/ECE316/lab-4/project_3/project_3.runs/impl_1/runme.log
open_hw_manager
connect_hw_server -allow_non_jtag
INFO: [Labtools 27-2285] Connecting to hw_server url TCP:localhost:3121
INFO: [Labtools 27-2222] Launching hw_server...
INFO: [Labtools 27-2221] Launch Output:

****** Xilinx hw_server v2024.2
  **** Build date : Oct 29 2024 at 10:25:41
    ** Copyright 1986-2022 Xilinx, Inc. All Rights Reserved.


INFO: [Labtools 27-3415] Connecting to cs_server url TCP:localhost:0
INFO: [Labtools 27-3417] Launching cs_server...
INFO: [Labtools 27-2221] Launch Output:


******** Xilinx cs_server v2024.2.0
  ****** Build date   : Oct 30 2024-13:19:07
    **** Build number : 2024.2.1730312347
      ** Copyright 2017-2022 Xilinx, Inc. All Rights Reserved.
      ** Copyright 2022-2025 Advanced Micro Devices, Inc. All Rights Reserved.



connect_hw_server: Time (s): cpu = 00:00:01 ; elapsed = 00:00:07 . Memory (MB): peak = 1159.902 ; gain = 9.453
open_hw_target
INFO: [Labtoolstcl 44-466] Opening hw_target localhost:3121/xilinx_tcf/Digilent/210183712720A
set_property PROGRAM.FILE {C:/Users/zach/Documents/0_School/ECE316/lab-4/project_3/project_3.runs/impl_1/time_multiplexing_main.bit} [get_hw_devices xc7a35t_0]
current_hw_device [get_hw_devices xc7a35t_0]
refresh_hw_device -update_hw_probes false [lindex [get_hw_devices xc7a35t_0] 0]
INFO: [Labtools 27-1435] Device xc7a35t (JTAG device index = 0) is not programmed (DONE status = 0).
refresh_hw_device [lindex [get_hw_devices xc7a35t_0] 0]
INFO: [Labtools 27-1435] Device xc7a35t (JTAG device index = 0) is not programmed (DONE status = 0).
refresh_hw_device [lindex [get_hw_devices xc7a35t_0] 0]
INFO: [Labtools 27-1435] Device xc7a35t (JTAG device index = 0) is not programmed (DONE status = 0).
set_property PROBES.FILE {} [get_hw_devices xc7a35t_0]
set_property FULL_PROBES.FILE {} [get_hw_devices xc7a35t_0]
set_property PROGRAM.FILE {C:/Users/zach/Documents/0_School/ECE316/lab-4/project_3/project_3.runs/impl_1/time_multiplexing_main.bit} [get_hw_devices xc7a35t_0]
program_hw_devices [get_hw_devices xc7a35t_0]
INFO: [Labtools 27-3164] End of startup status: HIGH
refresh_hw_device [lindex [get_hw_devices xc7a35t_0] 0]
INFO: [Labtools 27-1434] Device xc7a35t (JTAG device index = 0) is programmed with a design that has no supported debug core(s) in it.
